<?xml version="1.0" encoding="UTF-8" ?>
<testsuite tests="18" failures="0" name="CalculatorOperationTest" time="0.046" errors="0" skipped="0">
  <properties>
    <property name="java.runtime.name" value="Java(TM) SE Runtime Environment"/>
    <property name="sun.boot.library.path" value="/usr/lib/jvm/java-8-oracle/jre/lib/amd64"/>
    <property name="java.vm.version" value="25.144-b01"/>
    <property name="java.vm.vendor" value="Oracle Corporation"/>
    <property name="java.vendor.url" value="http://java.oracle.com/"/>
    <property name="path.separator" value=":"/>
    <property name="guice.disable.misplaced.annotation.check" value="true"/>
    <property name="java.vm.name" value="Java HotSpot(TM) 64-Bit Server VM"/>
    <property name="file.encoding.pkg" value="sun.io"/>
    <property name="user.country" value="US"/>
    <property name="sun.java.launcher" value="SUN_STANDARD"/>
    <property name="sun.os.patch.level" value="unknown"/>
    <property name="java.vm.specification.name" value="Java Virtual Machine Specification"/>
    <property name="user.dir" value="/home/anna/eclipse-workspace/calculator-annas"/>
    <property name="java.runtime.version" value="1.8.0_144-b01"/>
    <property name="java.awt.graphicsenv" value="sun.awt.X11GraphicsEnvironment"/>
    <property name="java.endorsed.dirs" value="/usr/lib/jvm/java-8-oracle/jre/lib/endorsed"/>
    <property name="os.arch" value="amd64"/>
    <property name="java.io.tmpdir" value="/tmp"/>
    <property name="line.separator" value="
"/>
    <property name="java.vm.specification.vendor" value="Oracle Corporation"/>
    <property name="os.name" value="Linux"/>
    <property name="classworlds.conf" value="/usr/share/maven/bin/m2.conf"/>
    <property name="sun.jnu.encoding" value="UTF-8"/>
    <property name="java.library.path" value="/usr/java/packages/lib/amd64:/usr/lib64:/lib64:/lib:/usr/lib"/>
    <property name="java.specification.name" value="Java Platform API Specification"/>
    <property name="java.class.version" value="52.0"/>
    <property name="sun.management.compiler" value="HotSpot 64-Bit Tiered Compilers"/>
    <property name="os.version" value="4.4.0-96-generic"/>
    <property name="user.home" value="/home/anna"/>
    <property name="user.timezone" value="Europe/Stockholm"/>
    <property name="java.awt.printerjob" value="sun.print.PSPrinterJob"/>
    <property name="file.encoding" value="UTF-8"/>
    <property name="java.specification.version" value="1.8"/>
    <property name="user.name" value="anna"/>
    <property name="java.class.path" value="/usr/share/maven/boot/plexus-classworlds-2.x.jar"/>
    <property name="java.vm.specification.version" value="1.8"/>
    <property name="sun.arch.data.model" value="64"/>
    <property name="java.home" value="/usr/lib/jvm/java-8-oracle/jre"/>
    <property name="sun.java.command" value="org.codehaus.plexus.classworlds.launcher.Launcher clean install -U"/>
    <property name="java.specification.vendor" value="Oracle Corporation"/>
    <property name="user.language" value="en"/>
    <property name="awt.toolkit" value="sun.awt.X11.XToolkit"/>
    <property name="java.vm.info" value="mixed mode"/>
    <property name="java.version" value="1.8.0_144"/>
    <property name="java.ext.dirs" value="/usr/lib/jvm/java-8-oracle/jre/lib/ext:/usr/java/packages/lib/ext"/>
    <property name="securerandom.source" value="file:/dev/./urandom"/>
    <property name="sun.boot.class.path" value="/usr/lib/jvm/java-8-oracle/jre/lib/resources.jar:/usr/lib/jvm/java-8-oracle/jre/lib/rt.jar:/usr/lib/jvm/java-8-oracle/jre/lib/sunrsasign.jar:/usr/lib/jvm/java-8-oracle/jre/lib/jsse.jar:/usr/lib/jvm/java-8-oracle/jre/lib/jce.jar:/usr/lib/jvm/java-8-oracle/jre/lib/charsets.jar:/usr/lib/jvm/java-8-oracle/jre/lib/jfr.jar:/usr/lib/jvm/java-8-oracle/jre/classes"/>
    <property name="java.vendor" value="Oracle Corporation"/>
    <property name="maven.home" value="/usr/share/maven"/>
    <property name="file.separator" value="/"/>
    <property name="java.vendor.url.bug" value="http://bugreport.sun.com/bugreport/"/>
    <property name="sun.cpu.endian" value="little"/>
    <property name="sun.io.unicode.encoding" value="UnicodeLittle"/>
    <property name="sun.desktop" value="gnome"/>
    <property name="sun.cpu.isalist" value=""/>
  </properties>
  <testcase classname="CalculatorOperationTest" name="testAdditionPositiveNumbers" time="0.002"/>
  <testcase classname="CalculatorOperationTest" name="testSubtructZero" time="0"/>
  <testcase classname="CalculatorOperationTest" name="testMultiplyPositiveNumbers" time="0.001"/>
  <testcase classname="CalculatorOperationTest" name="testMultiplyNegativeNumbers" time="0"/>
  <testcase classname="CalculatorOperationTest" name="testGetOperation" time="0.001"/>
  <testcase classname="CalculatorOperationTest" name="testAddZero" time="0.001"/>
  <testcase classname="CalculatorOperationTest" name="testDividebyZero" time="0"/>
  <testcase classname="CalculatorOperationTest" name="testSetFirstNumber" time="0"/>
  <testcase classname="CalculatorOperationTest" name="testSetOperation" time="0.001"/>
  <testcase classname="CalculatorOperationTest" name="testDivisionPositiveNumbers" time="0"/>
  <testcase classname="CalculatorOperationTest" name="testGetSecondNumber" time="0.003"/>
  <testcase classname="CalculatorOperationTest" name="testDivisionNegativeNumbers" time="0"/>
  <testcase classname="CalculatorOperationTest" name="testGetFirstNumber" time="0"/>
  <testcase classname="CalculatorOperationTest" name="testSubstructNegativeNumbers" time="0"/>
  <testcase classname="CalculatorOperationTest" name="testMultiplyZero" time="0.001"/>
  <testcase classname="CalculatorOperationTest" name="testSetSecondNumber" time="0"/>
  <testcase classname="CalculatorOperationTest" name="testSubtracionPositiveNumbers" time="0"/>
  <testcase classname="CalculatorOperationTest" name="testAdditionNegariveNumbers" time="0"/>
</testsuite>